<?xml version="1.0" encoding="UTF-8"?>
<testsuites name="jest tests" tests="2" failures="0" time="3.814">
  <testsuite name="undefined" errors="0" failures="0" skipped="0" timestamp="2020-02-14T12:06:05" time="2.491" tests="2">
    <testcase classname=" Plugin manifest, id and version are defined" name=" Plugin manifest, id and version are defined" time="0.003">
    </testcase>
    <testcase classname=" Plugin id and version are defined" name=" Plugin id and version are defined" time="0.004">
    </testcase>
  </testsuite>
</testsuites>